0 info it worked if it ends with ok
1 verbose cli [ '/usr/local/Cellar/node/5.4.1_1/bin/node',
1 verbose cli   '/usr/local/bin/npm',
1 verbose cli   'run',
1 verbose cli   'dev:stylus:noscript' ]
2 info using npm@3.5.3
3 info using node@v5.4.1
4 verbose run-script [ 'predev:stylus:noscript',
4 verbose run-script   'dev:stylus:noscript',
4 verbose run-script   'postdev:stylus:noscript' ]
5 info lifecycle 3js-webpack@1.0.0~predev:stylus:noscript: 3js-webpack@1.0.0
6 silly lifecycle 3js-webpack@1.0.0~predev:stylus:noscript: no script for predev:stylus:noscript, continuing
7 info lifecycle 3js-webpack@1.0.0~dev:stylus:noscript: 3js-webpack@1.0.0
8 verbose lifecycle 3js-webpack@1.0.0~dev:stylus:noscript: unsafe-perm in lifecycle true
9 verbose lifecycle 3js-webpack@1.0.0~dev:stylus:noscript: PATH: /usr/local/lib/node_modules/npm/bin/node-gyp-bin:/Users/eriktaheri/Development/3js-webpack/node_modules/.bin:/usr/local/lib/node_modules/npm/bin/node-gyp-bin:/Users/eriktaheri/Development/3js-webpack/node_modules/.bin:/usr/local/lib/node_modules/npm/bin/node-gyp-bin:/Users/eriktaheri/Development/3js-webpack/node_modules/.bin:/usr/local/bin:/usr/bin:/bin:/usr/sbin:/sbin
10 verbose lifecycle 3js-webpack@1.0.0~dev:stylus:noscript: CWD: /Users/eriktaheri/Development/3js-webpack
11 silly lifecycle 3js-webpack@1.0.0~dev:stylus:noscript: Args: [ '-c',
11 silly lifecycle   '$(npm bin)/stylus -u autoprefixer-stylus --sourcemap ./src/css/noscript.styl -o ./build/public/assets/css/noscript.css' ]
12 silly lifecycle 3js-webpack@1.0.0~dev:stylus:noscript: Returned: code: 1  signal: null
13 info lifecycle 3js-webpack@1.0.0~dev:stylus:noscript: Failed to exec dev:stylus:noscript script
14 verbose stack Error: 3js-webpack@1.0.0 dev:stylus:noscript: `$(npm bin)/stylus -u autoprefixer-stylus --sourcemap ./src/css/noscript.styl -o ./build/public/assets/css/noscript.css`
14 verbose stack Exit status 1
14 verbose stack     at EventEmitter.<anonymous> (/usr/local/lib/node_modules/npm/lib/utils/lifecycle.js:232:16)
14 verbose stack     at emitTwo (events.js:87:13)
14 verbose stack     at EventEmitter.emit (events.js:172:7)
14 verbose stack     at ChildProcess.<anonymous> (/usr/local/lib/node_modules/npm/lib/utils/spawn.js:24:14)
14 verbose stack     at emitTwo (events.js:87:13)
14 verbose stack     at ChildProcess.emit (events.js:172:7)
14 verbose stack     at maybeClose (internal/child_process.js:821:16)
14 verbose stack     at Process.ChildProcess._handle.onexit (internal/child_process.js:211:5)
15 verbose pkgid 3js-webpack@1.0.0
16 verbose cwd /Users/eriktaheri/Development/3js-webpack
17 error Darwin 15.0.0
18 error argv "/usr/local/Cellar/node/5.4.1_1/bin/node" "/usr/local/bin/npm" "run" "dev:stylus:noscript"
19 error node v5.4.1
20 error npm  v3.5.3
21 error code ELIFECYCLE
22 error 3js-webpack@1.0.0 dev:stylus:noscript: `$(npm bin)/stylus -u autoprefixer-stylus --sourcemap ./src/css/noscript.styl -o ./build/public/assets/css/noscript.css`
22 error Exit status 1
23 error Failed at the 3js-webpack@1.0.0 dev:stylus:noscript script '$(npm bin)/stylus -u autoprefixer-stylus --sourcemap ./src/css/noscript.styl -o ./build/public/assets/css/noscript.css'.
23 error Make sure you have the latest version of node.js and npm installed.
23 error If you do, this is most likely a problem with the 3js-webpack package,
23 error not with npm itself.
23 error Tell the author that this fails on your system:
23 error     $(npm bin)/stylus -u autoprefixer-stylus --sourcemap ./src/css/noscript.styl -o ./build/public/assets/css/noscript.css
23 error You can get information on how to open an issue for this project with:
23 error     npm bugs 3js-webpack
23 error Or if that isn't available, you can get their info via:
23 error     npm owner ls 3js-webpack
23 error There is likely additional logging output above.
24 verbose exit [ 1, true ]
